<?xml version="1.0" encoding="UTF-8"?>
<!-- Generated by org.testng.reporters.JUnitReportReporter -->
<testsuite hostname="DESKTOP-JJSA0AU" failures="0" tests="5" name="com.orangehrm.testcases.loginorangehrms" time="8.268" errors="0" timestamp="2020-10-02T18:02:25 IST" skipped="0">
  <testcase classname="com.orangehrm.testcases.loginorangehrms" name="openorangehrm" time="1.792"/>
  <system-out/>
  <testcase classname="com.orangehrm.testcases.loginorangehrms" name="loginorangehrm" time="1.189"/>
  <system-out/>
  <testcase classname="com.orangehrm.testcases.loginorangehrms" name="loginorangehrm" time="2.070"/>
  <system-out/>
  <testcase classname="com.orangehrm.testcases.loginorangehrms" name="loginorangehrm" time="1.240"/>
  <system-out/>
  <testcase classname="com.orangehrm.testcases.loginorangehrms" name="loginorangehrm" time="1.977"/>
  <system-out/>
</testsuite> <!-- com.orangehrm.testcases.loginorangehrms -->
