<?xml version="1.0" encoding="UTF-8"?>
<!-- Generated by org.testng.reporters.JUnitReportReporter -->
<testsuite hostname="DESKTOP-JJSA0AU" failures="0" tests="1" name="com.orangehrm.testcases.getallpendingleaverequest" time="15.204" errors="0" timestamp="2020-10-02T18:02:25 IST" skipped="0">
  <testcase classname="com.orangehrm.testcases.getallpendingleaverequest" name="callmethods" time="15.204"/>
  <system-out/>
</testsuite> <!-- com.orangehrm.testcases.getallpendingleaverequest -->
